<?xml version="1.0" encoding="UTF-8"?>
<testng-results ignored="0" total="1" passed="1" failed="0" skipped="0">
  <reporter-output>
  </reporter-output>
  <suite started-at="2024-08-04T23:52:18 IST" name="Default suite" finished-at="2024-08-04T23:52:29 IST" duration-ms="11091">
    <groups>
    </groups>
    <test started-at="2024-08-04T23:52:18 IST" name="Default test" finished-at="2024-08-04T23:52:29 IST" duration-ms="11091">
      <class name="com.assignmeent.browserconfiq.AmountTest">
        <test-method is-config="true" signature="browserOpen()[pri:0, instance:com.assignmeent.browserconfiq.AmountTest@6caf0677]" started-at="2024-08-04T23:52:18 IST" name="browserOpen" finished-at="2024-08-04T23:52:28 IST" duration-ms="9454" status="PASS">
          <reporter-output>
          </reporter-output>
        </test-method> <!-- browserOpen -->
        <test-method signature="asssignmentTest()[pri:0, instance:com.assignmeent.browserconfiq.AmountTest@6caf0677]" started-at="2024-08-04T23:52:28 IST" name="asssignmentTest" finished-at="2024-08-04T23:52:29 IST" duration-ms="1223" status="PASS">
          <reporter-output>
          </reporter-output>
        </test-method> <!-- asssignmentTest -->
        <test-method is-config="true" signature="browserClose()[pri:0, instance:com.assignmeent.browserconfiq.AmountTest@6caf0677]" started-at="2024-08-04T23:52:29 IST" name="browserClose" finished-at="2024-08-04T23:52:29 IST" duration-ms="278" status="PASS">
          <reporter-output>
          </reporter-output>
        </test-method> <!-- browserClose -->
      </class> <!-- com.assignmeent.browserconfiq.AmountTest -->
    </test> <!-- Default test -->
  </suite> <!-- Default suite -->
</testng-results>
